TN:
SF:src/modules/appointments/services/CreateAppointmentService.ts
FN:59,__decorate
FN:59,__metadata
FN:59,__param
FN:59,__awaiter
FN:59,adopt
FN:59,fulfilled
FN:59,rejected
FN:59,step
FN:59,__generator
FN:59,sent
FN:59,g.<computed>
FN:59,verb
FN:59,step
FN:59,__importDefault
FN:15,CreateAppointmentService
FN:20,CreateAppointmentService.execute
FNF:16
FNH:14
FNDA:1,__decorate
FNDA:1,__metadata
FNDA:1,__param
FNDA:7,__awaiter
FNDA:5,adopt
FNDA:5,fulfilled
FNDA:0,rejected
FNDA:7,step
FNDA:7,__generator
FNDA:5,sent
FNDA:0,g.<computed>
FNDA:21,verb
FNDA:12,step
FNDA:1,__importDefault
FNDA:5,CreateAppointmentService
FNDA:7,CreateAppointmentService.execute
DA:1,1
DA:2,1
DA:3,1
DA:4,1
DA:5,1
DA:6,1
DA:7,1
DA:8,1
DA:9,1
DA:10,1
DA:11,1
DA:12,1
DA:13,1
DA:14,1
DA:15,1
DA:16,5
DA:17,5
DA:18,5
DA:19,1
DA:20,1
DA:21,7
DA:22,7
DA:23,7
DA:24,7
DA:25,7
DA:26,7
DA:27,7
DA:28,1
DA:29,1
DA:30,6
DA:31,7
DA:32,1
DA:33,1
DA:34,5
DA:35,7
DA:36,2
DA:37,2
DA:38,2
DA:39,2
DA:40,3
DA:41,3
DA:42,3
DA:43,3
DA:44,7
DA:45,7
DA:46,1
DA:47,1
DA:48,2
DA:49,2
DA:50,2
DA:51,2
DA:52,2
DA:53,2
DA:54,7
DA:55,7
DA:56,7
DA:57,1
DA:58,1
DA:59,1
LF:59
LH:59
BRDA:59,0,0,1
BRDA:59,1,0,1
BRDA:59,2,0,0
BRDA:59,3,0,0
BRDA:59,4,0,0
BRDA:59,5,0,0
BRDA:59,6,0,1
BRDA:59,7,0,1
BRDA:59,8,0,1
BRDA:59,9,0,7
BRDA:59,10,0,5
BRDA:59,11,0,0
BRDA:59,12,0,7
BRDA:59,13,0,5
BRDA:59,14,0,1
BRDA:59,15,0,7
BRDA:59,16,0,2
BRDA:59,17,0,5
BRDA:59,18,0,7
BRDA:59,19,0,5
BRDA:59,20,0,0
BRDA:59,21,0,21
BRDA:59,22,0,12
BRDA:59,23,0,12
BRDA:59,24,0,0
BRDA:59,25,0,24
BRDA:59,26,0,0
BRDA:59,27,0,0
BRDA:59,28,0,0
BRDA:59,29,0,0
BRDA:59,30,0,12
BRDA:59,31,0,12
BRDA:59,32,0,5
BRDA:59,33,0,0
BRDA:59,34,0,0
BRDA:59,35,0,7
BRDA:59,36,0,0
BRDA:59,37,0,2
BRDA:59,38,0,0
BRDA:59,39,0,0
BRDA:59,40,0,0
BRDA:59,41,0,0
BRDA:59,42,0,12
BRDA:59,43,0,5
BRDA:59,44,0,12
BRDA:59,45,0,7
BRDA:59,46,0,5
BRDA:59,47,0,2
BRDA:59,48,0,0
BRDA:59,49,0,1
BRDA:59,50,0,0
BRDA:14,51,0,1
BRDA:15,52,0,5
BRDA:20,53,0,7
BRDA:59,54,0,7
BRDA:59,55,0,12
BRDA:59,56,0,7
BRDA:27,57,0,1
BRDA:29,58,0,6
BRDA:31,59,0,1
BRDA:33,60,0,5
BRDA:35,61,0,4
BRDA:35,62,0,2
BRDA:39,63,0,3
BRDA:59,64,0,3
BRDA:45,65,0,1
BRDA:47,66,0,2
BRDA:59,67,0,2
BRF:68
BRH:48
end_of_record
TN:
SF:src/modules/appointments/services/ListProviderAppointmentsService.ts
FN:38,__decorate
FN:38,__metadata
FN:38,__param
FN:38,__awaiter
FN:38,adopt
FN:38,fulfilled
FN:38,rejected
FN:38,step
FN:38,__generator
FN:38,sent
FN:38,g.<computed>
FN:38,verb
FN:38,step
FN:16,ListProviderAppointmentsService
FN:21,ListProviderAppointmentsService.execute
FNF:15
FNH:10
FNDA:1,__decorate
FNDA:1,__metadata
FNDA:1,__param
FNDA:1,__awaiter
FNDA:0,adopt
FNDA:0,fulfilled
FNDA:0,rejected
FNDA:1,step
FNDA:1,__generator
FNDA:0,sent
FNDA:0,g.<computed>
FNDA:3,verb
FNDA:1,step
FNDA:1,ListProviderAppointmentsService
FNDA:1,ListProviderAppointmentsService.execute
DA:1,1
DA:2,1
DA:3,1
DA:4,1
DA:5,1
DA:6,1
DA:7,1
DA:8,1
DA:9,1
DA:10,1
DA:11,1
DA:12,1
DA:13,1
DA:14,1
DA:15,1
DA:16,1
DA:17,1
DA:18,1
DA:19,1
DA:20,1
DA:21,1
DA:22,1
DA:23,1
DA:24,1
DA:25,1
DA:26,1
DA:27,1
DA:28,1
DA:29,1
DA:30,1
DA:31,1
DA:32,1
DA:33,1
DA:34,1
DA:35,1
DA:36,1
DA:37,1
DA:38,1
LF:38
LH:38
BRDA:38,0,0,1
BRDA:38,1,0,1
BRDA:38,2,0,0
BRDA:38,3,0,0
BRDA:38,4,0,0
BRDA:38,5,0,0
BRDA:38,6,0,1
BRDA:38,7,0,1
BRDA:38,8,0,1
BRDA:38,9,0,1
BRDA:38,10,0,1
BRDA:38,11,0,1
BRDA:38,12,0,0
BRDA:38,13,0,1
BRDA:38,14,0,3
BRDA:38,15,0,1
BRDA:38,16,0,1
BRDA:38,17,0,0
BRDA:38,18,0,2
BRDA:38,19,0,0
BRDA:38,20,0,0
BRDA:38,21,0,0
BRDA:38,22,0,0
BRDA:38,23,0,1
BRDA:38,24,0,1
BRDA:38,25,0,0
BRDA:38,26,0,0
BRDA:38,27,0,0
BRDA:38,28,0,1
BRDA:38,29,0,0
BRDA:38,30,0,0
BRDA:38,31,0,0
BRDA:38,32,0,0
BRDA:38,33,0,0
BRDA:38,34,0,1
BRDA:38,35,0,0
BRDA:38,36,0,1
BRDA:38,37,0,0
BRDA:38,38,0,0
BRDA:15,39,0,1
BRDA:16,40,0,1
BRDA:21,41,0,1
BRDA:38,42,0,1
BRDA:38,43,0,1
BRF:44
BRH:23
end_of_record
TN:
SF:src/modules/appointments/services/ListProviderDayAvailabilityService.ts
FN:67,__decorate
FN:67,__metadata
FN:67,__param
FN:67,__awaiter
FN:67,adopt
FN:67,fulfilled
FN:67,rejected
FN:67,step
FN:67,__generator
FN:67,sent
FN:67,g.<computed>
FN:67,verb
FN:67,step
FN:21,ListProviderDayAvailabilityService
FN:26,ListProviderDayAvailabilityService.execute
FNF:15
FNH:13
FNDA:1,__decorate
FNDA:1,__metadata
FNDA:1,__param
FNDA:1,__awaiter
FNDA:1,adopt
FNDA:1,fulfilled
FNDA:0,rejected
FNDA:2,step
FNDA:1,__generator
FNDA:1,sent
FNDA:0,g.<computed>
FNDA:3,verb
FNDA:2,step
FNDA:1,ListProviderDayAvailabilityService
FNDA:1,ListProviderDayAvailabilityService.execute
DA:1,1
DA:2,1
DA:3,1
DA:4,1
DA:5,1
DA:6,1
DA:7,1
DA:8,1
DA:9,1
DA:10,1
DA:11,1
DA:12,1
DA:13,1
DA:14,1
DA:15,1
DA:16,1
DA:17,1
DA:18,1
DA:19,1
DA:20,1
DA:21,1
DA:22,1
DA:23,1
DA:24,1
DA:25,1
DA:26,1
DA:27,1
DA:28,1
DA:29,1
DA:30,1
DA:31,1
DA:32,1
DA:33,1
DA:34,1
DA:35,1
DA:36,1
DA:37,1
DA:38,1
DA:39,1
DA:40,1
DA:41,1
DA:42,1
DA:43,1
DA:44,1
DA:45,1
DA:46,1
DA:47,1
DA:48,1
DA:49,1
DA:50,1
DA:51,10
DA:52,10
DA:53,10
DA:54,10
DA:55,10
DA:56,10
DA:57,10
DA:58,10
DA:59,10
DA:60,10
DA:61,1
DA:62,1
DA:63,1
DA:64,1
DA:65,1
DA:66,1
DA:67,1
LF:67
LH:67
BRDA:67,0,0,1
BRDA:67,1,0,1
BRDA:67,2,0,0
BRDA:67,3,0,0
BRDA:67,4,0,0
BRDA:67,5,0,0
BRDA:67,6,0,1
BRDA:67,7,0,1
BRDA:67,8,0,1
BRDA:67,9,0,1
BRDA:67,10,0,1
BRDA:67,11,0,0
BRDA:67,12,0,1
BRDA:67,13,0,1
BRDA:67,14,0,0
BRDA:67,15,0,2
BRDA:67,16,0,1
BRDA:67,17,0,1
BRDA:67,18,0,1
BRDA:67,19,0,1
BRDA:67,20,0,0
BRDA:67,21,0,3
BRDA:67,22,0,2
BRDA:67,23,0,2
BRDA:67,24,0,0
BRDA:67,25,0,4
BRDA:67,26,0,0
BRDA:67,27,0,0
BRDA:67,28,0,0
BRDA:67,29,0,0
BRDA:67,30,0,2
BRDA:67,31,0,2
BRDA:67,32,0,1
BRDA:67,33,0,0
BRDA:67,34,0,0
BRDA:67,35,0,1
BRDA:67,36,0,0
BRDA:67,37,0,0
BRDA:67,38,0,0
BRDA:67,39,0,0
BRDA:67,40,0,0
BRDA:67,41,0,2
BRDA:67,42,0,0
BRDA:67,43,0,2
BRDA:67,44,0,1
BRDA:67,45,0,0
BRDA:67,46,0,1
BRDA:67,47,0,0
BRDA:20,48,0,1
BRDA:21,49,0,1
BRDA:26,50,0,1
BRDA:67,51,0,1
BRDA:67,52,0,2
BRDA:32,53,0,1
BRDA:67,54,0,1
BRDA:45,55,0,10
BRDA:50,56,0,10
BRDA:59,57,0,8
BRDA:52,58,0,19
BRF:59
BRH:37
end_of_record
TN:
SF:src/modules/appointments/services/ListProviderMonthAvailabilityService.ts
FN:60,__decorate
FN:60,__metadata
FN:60,__param
FN:60,__awaiter
FN:60,adopt
FN:60,fulfilled
FN:60,rejected
FN:60,step
FN:60,__generator
FN:60,sent
FN:60,g.<computed>
FN:60,verb
FN:60,step
FN:20,ListProviderMonthAvailabilityService
FN:25,ListProviderMonthAvailabilityService.execute
FNF:15
FNH:13
FNDA:1,__decorate
FNDA:1,__metadata
FNDA:1,__param
FNDA:1,__awaiter
FNDA:1,adopt
FNDA:1,fulfilled
FNDA:0,rejected
FNDA:2,step
FNDA:1,__generator
FNDA:1,sent
FNDA:0,g.<computed>
FNDA:3,verb
FNDA:2,step
FNDA:1,ListProviderMonthAvailabilityService
FNDA:1,ListProviderMonthAvailabilityService.execute
DA:1,1
DA:2,1
DA:3,1
DA:4,1
DA:5,1
DA:6,1
DA:7,1
DA:8,1
DA:9,1
DA:10,1
DA:11,1
DA:12,1
DA:13,1
DA:14,1
DA:15,1
DA:16,1
DA:17,1
DA:18,1
DA:19,1
DA:20,1
DA:21,1
DA:22,1
DA:23,1
DA:24,1
DA:25,1
DA:26,1
DA:27,1
DA:28,1
DA:29,1
DA:30,1
DA:31,1
DA:32,1
DA:33,1
DA:34,1
DA:35,1
DA:36,1
DA:37,1
DA:38,1
DA:39,1
DA:40,1
DA:41,1
DA:42,1
DA:43,1
DA:44,1
DA:45,1
DA:46,31
DA:47,341
DA:48,31
DA:49,31
DA:50,31
DA:51,31
DA:52,31
DA:53,31
DA:54,1
DA:55,1
DA:56,1
DA:57,1
DA:58,1
DA:59,1
DA:60,1
LF:60
LH:60
BRDA:60,0,0,1
BRDA:60,1,0,1
BRDA:60,2,0,0
BRDA:60,3,0,0
BRDA:60,4,0,0
BRDA:60,5,0,0
BRDA:60,6,0,1
BRDA:60,7,0,1
BRDA:60,8,0,1
BRDA:60,9,0,1
BRDA:60,10,0,1
BRDA:60,11,0,0
BRDA:60,12,0,1
BRDA:60,13,0,1
BRDA:60,14,0,0
BRDA:60,15,0,2
BRDA:60,16,0,1
BRDA:60,17,0,1
BRDA:60,18,0,1
BRDA:60,19,0,1
BRDA:60,20,0,0
BRDA:60,21,0,3
BRDA:60,22,0,2
BRDA:60,23,0,2
BRDA:60,24,0,0
BRDA:60,25,0,4
BRDA:60,26,0,0
BRDA:60,27,0,0
BRDA:60,28,0,0
BRDA:60,29,0,0
BRDA:60,30,0,2
BRDA:60,31,0,2
BRDA:60,32,0,1
BRDA:60,33,0,0
BRDA:60,34,0,0
BRDA:60,35,0,1
BRDA:60,36,0,0
BRDA:60,37,0,0
BRDA:60,38,0,0
BRDA:60,39,0,0
BRDA:60,40,0,0
BRDA:60,41,0,2
BRDA:60,42,0,0
BRDA:60,43,0,2
BRDA:60,44,0,1
BRDA:60,45,0,0
BRDA:60,46,0,1
BRDA:60,47,0,0
BRDA:19,48,0,1
BRDA:20,49,0,1
BRDA:25,50,0,1
BRDA:60,51,0,1
BRDA:60,52,0,2
BRDA:30,53,0,1
BRDA:60,54,0,1
BRDA:42,55,0,31
BRDA:45,56,0,31
BRDA:46,57,0,341
BRF:58
BRH:36
end_of_record
TN:
SF:src/modules/appointments/services/ListProviderService.ts
FN:27,__decorate
FN:27,__metadata
FN:27,__param
FN:27,__awaiter
FN:27,adopt
FN:27,fulfilled
FN:27,rejected
FN:27,step
FN:27,__generator
FN:27,sent
FN:27,g.<computed>
FN:27,verb
FN:27,step
FN:13,ListProviderService
FN:18,ListProviderService.execute
FNF:15
FNH:13
FNDA:1,__decorate
FNDA:1,__metadata
FNDA:1,__param
FNDA:1,__awaiter
FNDA:1,adopt
FNDA:1,fulfilled
FNDA:0,rejected
FNDA:2,step
FNDA:1,__generator
FNDA:1,sent
FNDA:0,g.<computed>
FNDA:3,verb
FNDA:2,step
FNDA:1,ListProviderService
FNDA:1,ListProviderService.execute
DA:1,1
DA:2,1
DA:3,1
DA:4,1
DA:5,1
DA:6,1
DA:7,1
DA:8,1
DA:9,1
DA:10,1
DA:11,1
DA:12,1
DA:13,1
DA:14,1
DA:15,1
DA:16,1
DA:17,1
DA:18,1
DA:19,1
DA:20,1
DA:21,1
DA:22,1
DA:23,1
DA:24,1
DA:25,1
DA:26,1
DA:27,1
LF:27
LH:27
BRDA:27,0,0,1
BRDA:27,1,0,1
BRDA:27,2,0,0
BRDA:27,3,0,0
BRDA:27,4,0,0
BRDA:27,5,0,0
BRDA:27,6,0,1
BRDA:27,7,0,1
BRDA:27,8,0,1
BRDA:27,9,0,1
BRDA:27,10,0,1
BRDA:27,11,0,0
BRDA:27,12,0,1
BRDA:27,13,0,1
BRDA:27,14,0,0
BRDA:27,15,0,2
BRDA:27,16,0,1
BRDA:27,17,0,1
BRDA:27,18,0,1
BRDA:27,19,0,1
BRDA:27,20,0,0
BRDA:27,21,0,3
BRDA:27,22,0,2
BRDA:27,23,0,2
BRDA:27,24,0,0
BRDA:27,25,0,4
BRDA:27,26,0,0
BRDA:27,27,0,0
BRDA:27,28,0,0
BRDA:27,29,0,0
BRDA:27,30,0,2
BRDA:27,31,0,2
BRDA:27,32,0,1
BRDA:27,33,0,0
BRDA:27,34,0,0
BRDA:27,35,0,1
BRDA:27,36,0,0
BRDA:27,37,0,0
BRDA:27,38,0,0
BRDA:27,39,0,0
BRDA:27,40,0,0
BRDA:27,41,0,2
BRDA:27,42,0,0
BRDA:27,43,0,2
BRDA:27,44,0,1
BRDA:27,45,0,0
BRDA:27,46,0,1
BRDA:27,47,0,0
BRDA:12,48,0,1
BRDA:13,49,0,1
BRDA:18,50,0,1
BRDA:27,51,0,1
BRDA:27,52,0,2
BRDA:19,53,0,1
BRDA:27,54,0,1
BRF:55
BRH:33
end_of_record
TN:
SF:src/modules/users/services/AuthenticateUserService.ts
FN:54,__decorate
FN:54,__metadata
FN:54,__param
FN:54,__awaiter
FN:54,adopt
FN:54,fulfilled
FN:54,rejected
FN:54,step
FN:54,__generator
FN:54,sent
FN:54,g.<computed>
FN:54,verb
FN:54,step
FN:54,__importDefault
FN:21,AuthenticateUserService
FN:29,AuthenticateUserService.execute
FNF:16
FNH:14
FNDA:1,__decorate
FNDA:1,__metadata
FNDA:2,__param
FNDA:3,__awaiter
FNDA:5,adopt
FNDA:5,fulfilled
FNDA:0,rejected
FNDA:6,step
FNDA:3,__generator
FNDA:5,sent
FNDA:0,g.<computed>
FNDA:9,verb
FNDA:8,step
FNDA:2,__importDefault
FNDA:3,AuthenticateUserService
FNDA:3,AuthenticateUserService.execute
DA:1,1
DA:2,1
DA:3,1
DA:4,1
DA:5,1
DA:6,1
DA:7,1
DA:8,1
DA:9,1
DA:10,1
DA:11,1
DA:12,1
DA:13,1
DA:14,1
DA:15,1
DA:16,1
DA:17,1
DA:18,1
DA:19,1
DA:20,1
DA:21,1
DA:22,3
DA:23,3
DA:24,3
DA:25,3
DA:26,3
DA:27,3
DA:28,1
DA:29,1
DA:30,3
DA:31,3
DA:32,1
DA:33,1
DA:34,2
DA:35,2
DA:36,2
DA:37,2
DA:38,2
DA:39,3
DA:40,3
DA:41,1
DA:42,1
DA:43,1
DA:44,1
DA:45,1
DA:46,1
DA:47,1
DA:48,1
DA:49,1
DA:50,1
DA:51,3
DA:52,1
DA:53,1
DA:54,1
LF:54
LH:54
BRDA:54,0,0,1
BRDA:54,1,0,1
BRDA:54,2,0,0
BRDA:54,3,0,0
BRDA:54,4,0,0
BRDA:54,5,0,0
BRDA:54,6,0,1
BRDA:54,7,0,2
BRDA:54,8,0,2
BRDA:54,9,0,3
BRDA:54,10,0,5
BRDA:54,11,0,0
BRDA:54,12,0,3
BRDA:54,13,0,5
BRDA:54,14,0,2
BRDA:54,15,0,6
BRDA:54,16,0,1
BRDA:54,17,0,5
BRDA:54,18,0,3
BRDA:54,19,0,5
BRDA:54,20,0,0
BRDA:54,21,0,9
BRDA:54,22,0,8
BRDA:54,23,0,8
BRDA:54,24,0,0
BRDA:54,25,0,16
BRDA:54,26,0,0
BRDA:54,27,0,0
BRDA:54,28,0,0
BRDA:54,29,0,0
BRDA:54,30,0,8
BRDA:54,31,0,8
BRDA:54,32,0,5
BRDA:54,33,0,0
BRDA:54,34,0,0
BRDA:54,35,0,3
BRDA:54,36,0,0
BRDA:54,37,0,1
BRDA:54,38,0,0
BRDA:54,39,0,0
BRDA:54,40,0,0
BRDA:54,41,0,0
BRDA:54,42,0,8
BRDA:54,43,0,2
BRDA:54,44,0,8
BRDA:54,45,0,3
BRDA:54,46,0,2
BRDA:54,47,0,1
BRDA:54,48,0,0
BRDA:54,49,0,2
BRDA:54,50,0,0
BRDA:20,51,0,1
BRDA:21,52,0,3
BRDA:29,53,0,3
BRDA:54,54,0,3
BRDA:54,55,0,8
BRDA:30,56,0,3
BRDA:54,57,0,3
BRDA:31,58,0,1
BRDA:33,59,0,2
BRDA:54,60,0,2
BRDA:40,61,0,1
BRF:62
BRH:42
end_of_record
TN:
SF:src/modules/users/services/CreateUserService.ts
FN:42,__decorate
FN:42,__metadata
FN:42,__param
FN:42,__awaiter
FN:42,adopt
FN:42,fulfilled
FN:42,rejected
FN:42,step
FN:42,__generator
FN:42,sent
FN:42,g.<computed>
FN:42,verb
FN:42,step
FN:42,__importDefault
FN:15,CreateUserService
FN:23,CreateUserService.execute
FNF:16
FNH:14
FNDA:2,__decorate
FNDA:2,__metadata
FNDA:4,__param
FNDA:5,__awaiter
FNDA:13,adopt
FNDA:13,fulfilled
FNDA:0,rejected
FNDA:17,step
FNDA:5,__generator
FNDA:13,sent
FNDA:0,g.<computed>
FNDA:15,verb
FNDA:18,step
FNDA:2,__importDefault
FNDA:5,CreateUserService
FNDA:5,CreateUserService.execute
DA:1,1
DA:2,1
DA:3,1
DA:4,1
DA:5,1
DA:6,1
DA:7,1
DA:8,1
DA:9,1
DA:10,1
DA:11,1
DA:12,1
DA:13,1
DA:14,2
DA:15,2
DA:16,5
DA:17,5
DA:18,5
DA:19,5
DA:20,5
DA:21,5
DA:22,2
DA:23,2
DA:24,5
DA:25,5
DA:26,5
DA:27,1
DA:28,1
DA:29,4
DA:30,4
DA:31,5
DA:32,5
DA:33,5
DA:34,5
DA:35,5
DA:36,5
DA:37,5
DA:38,5
DA:39,5
DA:40,2
DA:41,1
DA:42,1
LF:42
LH:42
BRDA:42,0,0,2
BRDA:42,1,0,2
BRDA:42,2,0,0
BRDA:42,3,0,0
BRDA:42,4,0,0
BRDA:42,5,0,0
BRDA:42,6,0,2
BRDA:42,7,0,4
BRDA:42,8,0,4
BRDA:42,9,0,5
BRDA:42,10,0,13
BRDA:42,11,0,0
BRDA:42,12,0,5
BRDA:42,13,0,13
BRDA:42,14,0,1
BRDA:42,15,0,17
BRDA:42,16,0,4
BRDA:42,17,0,13
BRDA:42,18,0,5
BRDA:42,19,0,13
BRDA:42,20,0,0
BRDA:42,21,0,15
BRDA:42,22,0,18
BRDA:42,23,0,18
BRDA:42,24,0,0
BRDA:42,25,0,36
BRDA:42,26,0,0
BRDA:42,27,0,0
BRDA:42,28,0,0
BRDA:42,29,0,0
BRDA:42,30,0,18
BRDA:42,31,0,18
BRDA:42,32,0,13
BRDA:42,33,0,0
BRDA:42,34,0,0
BRDA:42,35,0,5
BRDA:42,36,0,0
BRDA:42,37,0,4
BRDA:42,38,0,0
BRDA:42,39,0,0
BRDA:42,40,0,0
BRDA:42,41,0,0
BRDA:42,42,0,18
BRDA:42,43,0,1
BRDA:42,44,0,18
BRDA:42,45,0,5
BRDA:42,46,0,1
BRDA:42,47,0,4
BRDA:42,48,0,0
BRDA:42,49,0,2
BRDA:42,50,0,0
BRDA:14,51,0,2
BRDA:15,52,0,5
BRDA:23,53,0,5
BRDA:42,54,0,5
BRDA:42,55,0,18
BRDA:24,56,0,5
BRDA:42,57,0,5
BRDA:26,58,0,1
BRDA:28,59,0,4
BRDA:42,60,0,4
BRDA:42,61,0,4
BRF:62
BRH:42
end_of_record
TN:
SF:src/modules/users/services/ResetPasswordService.ts
FN:50,__decorate
FN:50,__metadata
FN:50,__param
FN:50,__awaiter
FN:50,adopt
FN:50,fulfilled
FN:50,rejected
FN:50,step
FN:50,__generator
FN:50,sent
FN:50,g.<computed>
FN:50,verb
FN:50,step
FN:50,__importDefault
FN:15,ResetPasswordService
FN:26,ResetPasswordService.execute
FNF:16
FNH:14
FNDA:1,__decorate
FNDA:1,__metadata
FNDA:3,__param
FNDA:4,__awaiter
FNDA:9,adopt
FNDA:9,fulfilled
FNDA:0,rejected
FNDA:10,step
FNDA:4,__generator
FNDA:9,sent
FNDA:0,g.<computed>
FNDA:12,verb
FNDA:13,step
FNDA:1,__importDefault
FNDA:4,ResetPasswordService
FNDA:4,ResetPasswordService.execute
DA:1,1
DA:2,1
DA:3,1
DA:4,1
DA:5,1
DA:6,1
DA:7,1
DA:8,1
DA:9,1
DA:10,1
DA:11,1
DA:12,1
DA:13,1
DA:14,1
DA:15,1
DA:16,4
DA:17,4
DA:18,4
DA:19,4
DA:20,4
DA:21,4
DA:22,4
DA:23,4
DA:24,4
DA:25,1
DA:26,1
DA:27,4
DA:28,4
DA:29,4
DA:30,1
DA:31,1
DA:32,3
DA:33,4
DA:34,4
DA:35,1
DA:36,1
DA:37,2
DA:38,2
DA:39,2
DA:40,4
DA:41,1
DA:42,1
DA:43,1
DA:44,1
DA:45,4
DA:46,4
DA:47,4
DA:48,1
DA:49,1
DA:50,1
LF:50
LH:50
BRDA:50,0,0,1
BRDA:50,1,0,1
BRDA:50,2,0,0
BRDA:50,3,0,0
BRDA:50,4,0,0
BRDA:50,5,0,0
BRDA:50,6,0,1
BRDA:50,7,0,3
BRDA:50,8,0,3
BRDA:50,9,0,4
BRDA:50,10,0,9
BRDA:50,11,0,0
BRDA:50,12,0,4
BRDA:50,13,0,9
BRDA:50,14,0,3
BRDA:50,15,0,10
BRDA:50,16,0,1
BRDA:50,17,0,9
BRDA:50,18,0,4
BRDA:50,19,0,9
BRDA:50,20,0,0
BRDA:50,21,0,12
BRDA:50,22,0,13
BRDA:50,23,0,13
BRDA:50,24,0,0
BRDA:50,25,0,26
BRDA:50,26,0,0
BRDA:50,27,0,0
BRDA:50,28,0,0
BRDA:50,29,0,0
BRDA:50,30,0,13
BRDA:50,31,0,13
BRDA:50,32,0,9
BRDA:50,33,0,0
BRDA:50,34,0,0
BRDA:50,35,0,4
BRDA:50,36,0,0
BRDA:50,37,0,1
BRDA:50,38,0,0
BRDA:50,39,0,0
BRDA:50,40,0,0
BRDA:50,41,0,0
BRDA:50,42,0,13
BRDA:50,43,0,3
BRDA:50,44,0,13
BRDA:50,45,0,4
BRDA:50,46,0,3
BRDA:50,47,0,1
BRDA:50,48,0,0
BRDA:50,49,0,1
BRDA:50,50,0,0
BRDA:14,51,0,1
BRDA:15,52,0,4
BRDA:26,53,0,4
BRDA:50,54,0,4
BRDA:50,55,0,13
BRDA:27,56,0,4
BRDA:50,57,0,4
BRDA:29,58,0,1
BRDA:31,59,0,3
BRDA:50,60,0,3
BRDA:34,61,0,1
BRDA:36,62,0,2
BRDA:40,63,0,1
BRDA:50,64,0,1
BRDA:50,65,0,1
BRF:66
BRH:46
end_of_record
TN:
SF:src/modules/users/services/SendForgotPasswordEmailService.ts
FN:58,__decorate
FN:58,__metadata
FN:58,__param
FN:58,__awaiter
FN:58,adopt
FN:58,fulfilled
FN:58,rejected
FN:58,step
FN:58,__generator
FN:58,sent
FN:58,g.<computed>
FN:58,verb
FN:58,step
FN:58,__importDefault
FN:14,SendForgotPasswordEmailService
FN:25,SendForgotPasswordEmailService.execute
FNF:16
FNH:14
FNDA:1,__decorate
FNDA:1,__metadata
FNDA:3,__param
FNDA:3,__awaiter
FNDA:7,adopt
FNDA:7,fulfilled
FNDA:0,rejected
FNDA:9,step
FNDA:3,__generator
FNDA:7,sent
FNDA:0,g.<computed>
FNDA:9,verb
FNDA:10,step
FNDA:2,__importDefault
FNDA:3,SendForgotPasswordEmailService
FNDA:3,SendForgotPasswordEmailService.execute
DA:1,1
DA:2,1
DA:3,1
DA:4,1
DA:5,1
DA:6,1
DA:7,1
DA:8,1
DA:9,1
DA:10,1
DA:11,1
DA:12,1
DA:13,1
DA:14,1
DA:15,3
DA:16,3
DA:17,3
DA:18,3
DA:19,3
DA:20,3
DA:21,3
DA:22,3
DA:23,3
DA:24,1
DA:25,1
DA:26,3
DA:27,3
DA:28,3
DA:29,1
DA:30,1
DA:31,2
DA:32,2
DA:33,3
DA:34,3
DA:35,3
DA:36,3
DA:37,3
DA:38,3
DA:39,3
DA:40,3
DA:41,3
DA:42,3
DA:43,3
DA:44,3
DA:45,3
DA:46,3
DA:47,3
DA:48,3
DA:49,3
DA:50,3
DA:51,3
DA:52,3
DA:53,3
DA:54,3
DA:55,3
DA:56,1
DA:57,1
DA:58,1
LF:58
LH:58
BRDA:58,0,0,1
BRDA:58,1,0,1
BRDA:58,2,0,0
BRDA:58,3,0,0
BRDA:58,4,0,0
BRDA:58,5,0,0
BRDA:58,6,0,1
BRDA:58,7,0,3
BRDA:58,8,0,3
BRDA:58,9,0,3
BRDA:58,10,0,7
BRDA:58,11,0,0
BRDA:58,12,0,3
BRDA:58,13,0,7
BRDA:58,14,0,1
BRDA:58,15,0,9
BRDA:58,16,0,2
BRDA:58,17,0,7
BRDA:58,18,0,3
BRDA:58,19,0,7
BRDA:58,20,0,0
BRDA:58,21,0,9
BRDA:58,22,0,10
BRDA:58,23,0,10
BRDA:58,24,0,0
BRDA:58,25,0,20
BRDA:58,26,0,0
BRDA:58,27,0,0
BRDA:58,28,0,0
BRDA:58,29,0,0
BRDA:58,30,0,10
BRDA:58,31,0,10
BRDA:58,32,0,7
BRDA:58,33,0,0
BRDA:58,34,0,0
BRDA:58,35,0,3
BRDA:58,36,0,0
BRDA:58,37,0,2
BRDA:58,38,0,0
BRDA:58,39,0,0
BRDA:58,40,0,0
BRDA:58,41,0,0
BRDA:58,42,0,10
BRDA:58,43,0,1
BRDA:58,44,0,10
BRDA:58,45,0,3
BRDA:58,46,0,1
BRDA:58,47,0,2
BRDA:58,48,0,0
BRDA:58,49,0,2
BRDA:58,50,0,1
BRDA:58,51,0,1
BRDA:13,52,0,1
BRDA:14,53,0,3
BRDA:25,54,0,3
BRDA:58,55,0,3
BRDA:58,56,0,10
BRDA:26,57,0,3
BRDA:58,58,0,3
BRDA:28,59,0,1
BRDA:30,60,0,2
BRDA:58,61,0,2
BRDA:58,62,0,2
BRF:63
BRH:44
end_of_record
TN:
SF:src/modules/users/services/ShowProfileService.ts
FN:31,__decorate
FN:31,__metadata
FN:31,__param
FN:31,__awaiter
FN:31,adopt
FN:31,fulfilled
FN:31,rejected
FN:31,step
FN:31,__generator
FN:31,sent
FN:31,g.<computed>
FN:31,verb
FN:31,step
FN:31,__importDefault
FN:15,ShowProfileService
FN:20,ShowProfileService.execute
FNF:16
FNH:14
FNDA:1,__decorate
FNDA:1,__metadata
FNDA:1,__param
FNDA:2,__awaiter
FNDA:2,adopt
FNDA:2,fulfilled
FNDA:0,rejected
FNDA:3,step
FNDA:2,__generator
FNDA:2,sent
FNDA:0,g.<computed>
FNDA:6,verb
FNDA:4,step
FNDA:1,__importDefault
FNDA:2,ShowProfileService
FNDA:2,ShowProfileService.execute
DA:1,1
DA:2,1
DA:3,1
DA:4,1
DA:5,1
DA:6,1
DA:7,1
DA:8,1
DA:9,1
DA:10,1
DA:11,1
DA:12,1
DA:13,1
DA:14,1
DA:15,1
DA:16,2
DA:17,2
DA:18,2
DA:19,1
DA:20,1
DA:21,2
DA:22,2
DA:23,2
DA:24,1
DA:25,1
DA:26,1
DA:27,1
DA:28,2
DA:29,1
DA:30,1
DA:31,1
LF:31
LH:31
BRDA:31,0,0,1
BRDA:31,1,0,1
BRDA:31,2,0,0
BRDA:31,3,0,0
BRDA:31,4,0,0
BRDA:31,5,0,0
BRDA:31,6,0,1
BRDA:31,7,0,1
BRDA:31,8,0,1
BRDA:31,9,0,2
BRDA:31,10,0,2
BRDA:31,11,0,0
BRDA:31,12,0,2
BRDA:31,13,0,2
BRDA:31,14,0,1
BRDA:31,15,0,3
BRDA:31,16,0,1
BRDA:31,17,0,2
BRDA:31,18,0,2
BRDA:31,19,0,2
BRDA:31,20,0,0
BRDA:31,21,0,6
BRDA:31,22,0,4
BRDA:31,23,0,4
BRDA:31,24,0,0
BRDA:31,25,0,8
BRDA:31,26,0,0
BRDA:31,27,0,0
BRDA:31,28,0,0
BRDA:31,29,0,0
BRDA:31,30,0,4
BRDA:31,31,0,4
BRDA:31,32,0,2
BRDA:31,33,0,0
BRDA:31,34,0,0
BRDA:31,35,0,2
BRDA:31,36,0,0
BRDA:31,37,0,1
BRDA:31,38,0,0
BRDA:31,39,0,0
BRDA:31,40,0,0
BRDA:31,41,0,0
BRDA:31,42,0,4
BRDA:31,43,0,1
BRDA:31,44,0,4
BRDA:31,45,0,2
BRDA:31,46,0,1
BRDA:31,47,0,0
BRDA:31,48,0,1
BRDA:31,49,0,0
BRDA:14,50,0,1
BRDA:15,51,0,2
BRDA:20,52,0,2
BRDA:31,53,0,2
BRDA:31,54,0,4
BRDA:21,55,0,2
BRDA:31,56,0,2
BRDA:23,57,0,1
BRF:58
BRH:38
end_of_record
TN:
SF:src/modules/users/services/UpdateProfileService.ts
FN:73,__decorate
FN:73,__metadata
FN:73,__param
FN:73,__awaiter
FN:73,adopt
FN:73,fulfilled
FN:73,rejected
FN:73,step
FN:73,__generator
FN:73,sent
FN:73,g.<computed>
FN:73,verb
FN:73,step
FN:73,__importDefault
FN:20,UpdateProfileService
FN:28,UpdateProfileService.execute
FNF:16
FNH:14
FNDA:1,__decorate
FNDA:1,__metadata
FNDA:2,__param
FNDA:6,__awaiter
FNDA:14,adopt
FNDA:14,fulfilled
FNDA:0,rejected
FNDA:16,step
FNDA:6,__generator
FNDA:14,sent
FNDA:0,g.<computed>
FNDA:18,verb
FNDA:20,step
FNDA:1,__importDefault
FNDA:6,UpdateProfileService
FNDA:6,UpdateProfileService.execute
DA:1,1
DA:2,1
DA:3,1
DA:4,1
DA:5,1
DA:6,1
DA:7,1
DA:8,1
DA:9,1
DA:10,1
DA:11,1
DA:12,1
DA:13,1
DA:14,1
DA:15,1
DA:16,1
DA:17,1
DA:18,1
DA:19,1
DA:20,1
DA:21,6
DA:22,6
DA:23,6
DA:24,6
DA:25,6
DA:26,6
DA:27,1
DA:28,1
DA:29,6
DA:30,6
DA:31,6
DA:32,6
DA:33,6
DA:34,6
DA:35,6
DA:36,6
DA:37,6
DA:38,1
DA:39,1
DA:40,5
DA:41,5
DA:42,6
DA:43,6
DA:44,1
DA:45,1
DA:46,4
DA:47,4
DA:48,4
DA:49,4
DA:50,6
DA:51,1
DA:52,1
DA:53,1
DA:54,1
DA:55,3
DA:56,6
DA:57,2
DA:58,2
DA:59,2
DA:60,2
DA:61,6
DA:62,6
DA:63,1
DA:64,1
DA:65,1
DA:66,1
DA:67,6
DA:68,6
DA:69,6
DA:70,6
DA:71,1
DA:72,1
DA:73,1
LF:73
LH:73
BRDA:73,0,0,1
BRDA:73,1,0,1
BRDA:73,2,0,0
BRDA:73,3,0,0
BRDA:73,4,0,0
BRDA:73,5,0,0
BRDA:73,6,0,1
BRDA:73,7,0,2
BRDA:73,8,0,2
BRDA:73,9,0,6
BRDA:73,10,0,14
BRDA:73,11,0,0
BRDA:73,12,0,6
BRDA:73,13,0,14
BRDA:73,14,0,4
BRDA:73,15,0,16
BRDA:73,16,0,2
BRDA:73,17,0,14
BRDA:73,18,0,6
BRDA:73,19,0,14
BRDA:73,20,0,0
BRDA:73,21,0,18
BRDA:73,22,0,20
BRDA:73,23,0,20
BRDA:73,24,0,0
BRDA:73,25,0,41
BRDA:73,26,0,0
BRDA:73,27,0,0
BRDA:73,28,0,0
BRDA:73,29,0,0
BRDA:73,30,0,20
BRDA:73,31,0,20
BRDA:73,32,0,14
BRDA:73,33,0,0
BRDA:73,34,0,0
BRDA:73,35,0,7
BRDA:73,36,0,0
BRDA:73,37,0,3
BRDA:73,38,0,6
BRDA:73,39,0,1
BRDA:73,40,0,0
BRDA:73,41,0,1
BRDA:73,42,0,0
BRDA:73,43,0,0
BRDA:73,44,0,0
BRDA:73,45,0,21
BRDA:73,46,0,4
BRDA:73,47,0,21
BRDA:73,48,0,6
BRDA:73,49,0,4
BRDA:73,50,0,2
BRDA:73,51,0,0
BRDA:73,52,0,1
BRDA:73,53,0,0
BRDA:19,54,0,1
BRDA:20,55,0,6
BRDA:28,56,0,6
BRDA:73,57,0,6
BRDA:73,58,0,21
BRDA:35,59,0,6
BRDA:73,60,0,6
BRDA:37,61,0,1
BRDA:39,62,0,5
BRDA:73,63,0,5
BRDA:43,64,0,1
BRDA:43,65,0,1
BRDA:45,66,0,4
BRDA:50,67,0,3
BRDA:50,68,0,1
BRDA:54,69,0,3
BRDA:56,70,0,2
BRDA:56,71,0,1
BRDA:56,72,0,2
BRDA:73,73,0,2
BRDA:62,74,0,1
BRDA:73,75,0,1
BRDA:69,76,0,2
BRF:77
BRH:57
end_of_record
TN:
SF:src/modules/users/services/UpdateUserAvatarService.ts
FN:42,__decorate
FN:42,__metadata
FN:42,__param
FN:42,__awaiter
FN:42,adopt
FN:42,fulfilled
FN:42,rejected
FN:42,step
FN:42,__generator
FN:42,sent
FN:42,g.<computed>
FN:42,verb
FN:42,step
FN:42,__importDefault
FN:14,UpdateUserAvatarService
FN:22,UpdateUserAvatarService.execute
FNF:16
FNH:14
FNDA:1,__decorate
FNDA:1,__metadata
FNDA:2,__param
FNDA:4,__awaiter
FNDA:11,adopt
FNDA:11,fulfilled
FNDA:0,rejected
FNDA:14,step
FNDA:4,__generator
FNDA:11,sent
FNDA:0,g.<computed>
FNDA:12,verb
FNDA:15,step
FNDA:1,__importDefault
FNDA:3,UpdateUserAvatarService
FNDA:4,UpdateUserAvatarService.execute
DA:1,1
DA:2,1
DA:3,1
DA:4,1
DA:5,1
DA:6,1
DA:7,1
DA:8,1
DA:9,1
DA:10,1
DA:11,1
DA:12,1
DA:13,1
DA:14,1
DA:15,3
DA:16,3
DA:17,3
DA:18,3
DA:19,3
DA:20,3
DA:21,1
DA:22,1
DA:23,4
DA:24,4
DA:25,1
DA:26,1
DA:27,3
DA:28,3
DA:29,1
DA:30,4
DA:31,4
DA:32,4
DA:33,4
DA:34,4
DA:35,4
DA:36,4
DA:37,4
DA:38,4
DA:39,4
DA:40,1
DA:41,1
DA:42,1
LF:42
LH:42
BRDA:42,0,0,1
BRDA:42,1,0,1
BRDA:42,2,0,0
BRDA:42,3,0,0
BRDA:42,4,0,0
BRDA:42,5,0,0
BRDA:42,6,0,1
BRDA:42,7,0,2
BRDA:42,8,0,2
BRDA:42,9,0,4
BRDA:42,10,0,11
BRDA:42,11,0,0
BRDA:42,12,0,4
BRDA:42,13,0,11
BRDA:42,14,0,1
BRDA:42,15,0,14
BRDA:42,16,0,3
BRDA:42,17,0,11
BRDA:42,18,0,4
BRDA:42,19,0,11
BRDA:42,20,0,0
BRDA:42,21,0,12
BRDA:42,22,0,15
BRDA:42,23,0,15
BRDA:42,24,0,0
BRDA:42,25,0,32
BRDA:42,26,0,0
BRDA:42,27,0,0
BRDA:42,28,0,0
BRDA:42,29,0,0
BRDA:42,30,0,15
BRDA:42,31,0,15
BRDA:42,32,0,11
BRDA:42,33,0,0
BRDA:42,34,0,0
BRDA:42,35,0,6
BRDA:42,36,0,0
BRDA:42,37,0,5
BRDA:42,38,0,4
BRDA:42,39,0,2
BRDA:42,40,0,0
BRDA:42,41,0,2
BRDA:42,42,0,0
BRDA:42,43,0,0
BRDA:42,44,0,0
BRDA:42,45,0,17
BRDA:42,46,0,1
BRDA:42,47,0,17
BRDA:42,48,0,4
BRDA:42,49,0,1
BRDA:42,50,0,3
BRDA:42,51,0,0
BRDA:42,52,0,1
BRDA:42,53,0,0
BRDA:13,54,0,1
BRDA:14,55,0,3
BRDA:22,56,0,4
BRDA:42,57,0,4
BRDA:42,58,0,17
BRDA:23,59,0,4
BRDA:42,60,0,4
BRDA:24,61,0,1
BRDA:26,62,0,3
BRDA:28,63,0,2
BRDA:28,64,0,1
BRDA:42,65,0,1
BRDA:32,66,0,3
BRDA:42,67,0,3
BRDA:42,68,0,3
BRF:69
BRH:49
end_of_record
